#
# There is insufficient memory for the Java Runtime Environment to continue.
# Native memory allocation (malloc) failed to allocate 32744 bytes for ChunkPool::allocate
# Possible reasons:
#   The system is out of physical RAM or swap space
#   In 32 bit mode, the process size limit was hit
# Possible solutions:
#   Reduce memory load on the system
#   Increase physical memory or swap space
#   Check if swap backing store is full
#   Use 64 bit Java on a 64 bit OS
#   Decrease Java heap size (-Xmx/-Xms)
#   Decrease number of Java threads
#   Decrease Java thread stack sizes (-Xss)
#   Set larger code cache with -XX:ReservedCodeCacheSize=
# This output file may be truncated or incomplete.
#
#  Out of Memory Error (allocation.cpp:273), pid=11432, tid=0x00000000000059b4
#
# JRE version: Java(TM) SE Runtime Environment (8.0_181-b13) (build 1.8.0_181-b13)
# Java VM: Java HotSpot(TM) 64-Bit Server VM (25.181-b13 mixed mode windows-amd64 compressed oops)
# Failed to write core dump. Minidumps are not enabled by default on client versions of Windows
#

---------------  T H R E A D  ---------------

Current thread (0x0000000019420000):  JavaThread "C2 CompilerThread2" daemon [_thread_in_native, id=22964, stack(0x0000000019df0000,0x0000000019ef0000)]

Stack: [0x0000000019df0000,0x0000000019ef0000]
[error occurred during error reporting (printing stack bounds), id 0xc0000005]

Native frames: (J=compiled Java code, j=interpreted, Vv=VM code, C=native code)


Current CompileTask:
C2:241126096  769  s    4       sun.java2d.loops.GraphicsPrimitive::makeUniqueID (26 bytes)


---------------  P R O C E S S  ---------------

Java Threads: ( => current thread )
  0x000000000235e800 JavaThread "DestroyJavaVM" [_thread_blocked, id=22576, stack(0x00000000023a0000,0x00000000024a0000)]
  0x000000001a31c800 JavaThread "AWT-EventQueue-0" [_thread_blocked, id=17056, stack(0x000000001b7a0000,0x000000001b8a0000)]
  0x000000001a302800 JavaThread "AWT-Windows" daemon [_thread_in_native, id=19600, stack(0x000000001ad70000,0x000000001ae70000)]
  0x000000001a2fd000 JavaThread "AWT-Shutdown" [_thread_blocked, id=14092, stack(0x000000001ac70000,0x000000001ad70000)]
  0x000000001a2fa000 JavaThread "Java2D Disposer" daemon [_thread_blocked, id=18960, stack(0x000000001ab70000,0x000000001ac70000)]
  0x00000000194b0800 JavaThread "Service Thread" daemon [_thread_blocked, id=20548, stack(0x0000000019ff0000,0x000000001a0f0000)]
  0x000000001942b000 JavaThread "C1 CompilerThread3" daemon [_thread_in_native, id=7944, stack(0x0000000019ef0000,0x0000000019ff0000)]
=>0x0000000019420000 JavaThread "C2 CompilerThread2" daemon [_thread_in_native, id=22964, stack(0x0000000019df0000,0x0000000019ef0000)]
  0x000000001941d800 JavaThread "C2 CompilerThread1" daemon [_thread_blocked, id=21960, stack(0x0000000019cf0000,0x0000000019df0000)]
  0x000000001941a000 JavaThread "C2 CompilerThread0" daemon [_thread_blocked, id=22748, stack(0x0000000019bf0000,0x0000000019cf0000)]
  0x0000000019417800 JavaThread "Attach Listener" daemon [_thread_blocked, id=7080, stack(0x0000000019af0000,0x0000000019bf0000)]
  0x000000001752e000 JavaThread "Signal Dispatcher" daemon [_thread_blocked, id=21984, stack(0x00000000199f0000,0x0000000019af0000)]
  0x0000000002599800 JavaThread "Finalizer" daemon [_thread_blocked, id=18612, stack(0x00000000197f0000,0x00000000198f0000)]
  0x0000000002598000 JavaThread "Reference Handler" daemon [_thread_blocked, id=20832, stack(0x00000000192f0000,0x00000000193f0000)]

Other Threads:
  0x0000000017518800 VMThread [stack: 0x00000000191f0000,0x00000000192f0000] [id=19692]
  0x00000000194ca800 WatcherThread [stack: 0x000000001a0f0000,0x000000001a1f0000] [id=13820]

VM state:not at safepoint (normal execution)

VM Mutex/Monitor currently owned by a thread: None

Heap:
 PSYoungGen      total 38400K, used 12801K [0x00000000d5f00000, 0x00000000d8980000, 0x0000000100000000)
  eden space 33280K, 38% used [0x00000000d5f00000,0x00000000d6b807c0,0x00000000d7f80000)
  from space 5120K, 0% used [0x00000000d8480000,0x00000000d8480000,0x00000000d8980000)
  to   space 5120K, 0% used [0x00000000d7f80000,0x00000000d7f80000,0x00000000d8480000)
 ParOldGen       total 87552K, used 0K [0x0000000081c00000, 0x0000000087180000, 0x00000000d5f00000)
  object space 87552K, 0% used [0x0000000081c00000,0x0000000081c00000,0x0000000087180000)
 Metaspace       used 10372K, capacity 10558K, committed 10880K, reserved 1058816K
  class space    used 1294K, capacity 1385K, committed 1408K, reserved 1048576K

Card table byte_map: [0x0000000011960000,0x0000000011d60000] byte_map_base: 0x0000000011552000

Marking Bits: (ParMarkBitMap*) 0x00000000560b2d00
 Begin Bits: [0x0000000012810000, 0x00000000147a0000)
 End Bits:   [0x00000000147a0000, 0x0000000016730000)

Polling page: 0x0000000000ae0000

CodeCache: size=245760Kb used=2773Kb max_used=2784Kb free=242986Kb
 bounds [0x00000000025a0000, 0x0000000002860000, 0x00000000115a0000]
 total_blobs=1247 nmethods=768 adapters=392
 compilation: enabled

Compilation events (10 events):
Event: 234037.021 Thread 0x000000001942b000  766       3       java.util.concurrent.locks.AbstractQueuedSynchronizer$ConditionObject::await (98 bytes)
Event: 234037.023 Thread 0x000000001942b000 nmethod 766 0x0000000002853f10 code [0x00000000028541c0, 0x00000000028553a8]
Event: 234037.023 Thread 0x000000001942b000  765   !   3       sun.awt.AWTAutoShutdown::notifyThreadFree (74 bytes)
Event: 234037.024 Thread 0x000000001942b000 nmethod 765 0x0000000002853350 code [0x0000000002853500, 0x0000000002853be8]
Event: 241024.542 Thread 0x000000001941d800  767       4       java.util.Arrays::binarySearch0 (95 bytes)
Event: 241024.543 Thread 0x000000001942b000  768       3       java.util.HashSet::iterator (13 bytes)
Event: 241024.544 Thread 0x000000001942b000 nmethod 768 0x0000000002852e10 code [0x0000000002852f80, 0x0000000002853258]
Event: 241024.547 Thread 0x000000001941d800 nmethod 767 0x0000000002852910 code [0x0000000002852a60, 0x0000000002852c18]
Event: 241126.092 Thread 0x000000001942b000  770  s    3       sun.java2d.loops.GraphicsPrimitiveMgr::locatePrim (96 bytes)
Event: 241126.093 Thread 0x0000000019420000  769  s    4       sun.java2d.loops.GraphicsPrimitive::makeUniqueID (26 bytes)

GC Heap History (0 events):
No events

Deoptimization events (4 events):
Event: 1.828 Thread 0x000000001a31c800 Uncommon trap: reason=class_check action=maybe_recompile pc=0x000000000272e618 method=java.lang.String.equals(Ljava/lang/Object;)Z @ 8
Event: 1.829 Thread 0x000000001a31c800 Uncommon trap: reason=class_check action=maybe_recompile pc=0x000000000272e618 method=java.lang.String.equals(Ljava/lang/Object;)Z @ 8
Event: 1.829 Thread 0x000000001a31c800 Uncommon trap: reason=class_check action=maybe_recompile pc=0x000000000272e618 method=java.lang.String.equals(Ljava/lang/Object;)Z @ 8
Event: 1.830 Thread 0x000000001a31c800 Uncommon trap: reason=class_check action=maybe_recompile pc=0x000000000272e618 method=java.lang.String.equals(Ljava/lang/Object;)Z @ 8

Classes redefined (0 events):
No events

Internal exceptions (10 events):
Event: 0.119 Thread 0x000000000235e800 Exception <a 'java/security/PrivilegedActionException'> (0x00000000d5f8ba80) thrown at [C:\re\workspace\8-2-build-windows-amd64-cygwin\jdk8u181\11358\hotspot\src\share\vm\prims\jvm.cpp, line 1435]
Event: 0.119 Thread 0x000000000235e800 Exception <a 'java/security/PrivilegedActionException'> (0x00000000d5f8bc90) thrown at [C:\re\workspace\8-2-build-windows-amd64-cygwin\jdk8u181\11358\hotspot\src\share\vm\prims\jvm.cpp, line 1435]
Event: 0.119 Thread 0x000000000235e800 Exception <a 'java/security/PrivilegedActionException'> (0x00000000d5f8f900) thrown at [C:\re\workspace\8-2-build-windows-amd64-cygwin\jdk8u181\11358\hotspot\src\share\vm\prims\jvm.cpp, line 1435]
Event: 0.119 Thread 0x000000000235e800 Exception <a 'java/security/PrivilegedActionException'> (0x00000000d5f8fb10) thrown at [C:\re\workspace\8-2-build-windows-amd64-cygwin\jdk8u181\11358\hotspot\src\share\vm\prims\jvm.cpp, line 1435]
Event: 0.140 Thread 0x000000000235e800 Exception <a 'java/security/PrivilegedActionException'> (0x00000000d612fbf8) thrown at [C:\re\workspace\8-2-build-windows-amd64-cygwin\jdk8u181\11358\hotspot\src\share\vm\prims\jvm.cpp, line 1435]
Event: 0.140 Thread 0x000000000235e800 Exception <a 'java/security/PrivilegedActionException'> (0x00000000d612fe08) thrown at [C:\re\workspace\8-2-build-windows-amd64-cygwin\jdk8u181\11358\hotspot\src\share\vm\prims\jvm.cpp, line 1435]
Event: 0.146 Thread 0x000000000235e800 Exception <a 'java/io/FileNotFoundException'> (0x00000000d6169650) thrown at [C:\re\workspace\8-2-build-windows-amd64-cygwin\jdk8u181\11358\hotspot\src\share\vm\prims\jni.cpp, line 709]
Event: 0.175 Thread 0x000000000235e800 Exception <a 'java/lang/NoSuchFieldError': method resolution failed> (0x00000000d623ad68) thrown at [C:\re\workspace\8-2-build-windows-amd64-cygwin\jdk8u181\11358\hotspot\src\share\vm\prims\methodHandles.cpp, line 1167]
Event: 0.176 Thread 0x000000000235e800 Exception <a 'java/lang/NoSuchFieldError': method resolution failed> (0x00000000d6248370) thrown at [C:\re\workspace\8-2-build-windows-amd64-cygwin\jdk8u181\11358\hotspot\src\share\vm\prims\methodHandles.cpp, line 1167]
Event: 0.208 Thread 0x000000000235e800 Exception <a 'java/io/FileNotFoundException'> (0x00000000d62e1b40) thrown at [C:\re\workspace\8-2-build-windows-amd64-cygwin\jdk8u181\11358\hotspot\src\share\vm\prims\jni.cpp, line 709]

Events (10 events):
Event: 4.935 loading class sun/awt/SunToolkit$1
Event: 4.935 loading class sun/awt/SunToolkit$1 done
Event: 241024.395 loading class sun/awt/windows/WToolkit$3
Event: 241024.397 loading class sun/awt/windows/WToolkit$3 done
Event: 241024.439 loading class java/util/WeakHashMap$KeyIterator
Event: 241024.440 loading class java/util/WeakHashMap$HashIterator
Event: 241024.463 loading class java/util/WeakHashMap$HashIterator done
Event: 241024.463 loading class java/util/WeakHashMap$KeyIterator done
Event: 241024.543 loading class javax/swing/RepaintManager$DisplayChangedRunnable
Event: 241024.548 loading class javax/swing/RepaintManager$DisplayChangedRunnable done


Dynamic libraries:
0x00007ff7aae60000 - 0x00007ff7aae97000 	C:\Program Files\Java\jre1.8.0_181\bin\javaw.exe
0x00007ff98d4c0000 - 0x00007ff98d6ad000 	C:\WINDOWS\SYSTEM32\ntdll.dll
0x00007ff98a740000 - 0x00007ff98a7f3000 	C:\WINDOWS\System32\KERNEL32.DLL
0x00007ff989e30000 - 0x00007ff98a0c3000 	C:\WINDOWS\System32\KERNELBASE.dll
0x00007ff98b160000 - 0x00007ff98b203000 	C:\WINDOWS\System32\ADVAPI32.dll
0x00007ff98cbc0000 - 0x00007ff98cc5e000 	C:\WINDOWS\System32\msvcrt.dll
0x00007ff98d160000 - 0x00007ff98d1fe000 	C:\WINDOWS\System32\sechost.dll
0x00007ff98adc0000 - 0x00007ff98aee2000 	C:\WINDOWS\System32\RPCRT4.dll
0x00007ff98ca20000 - 0x00007ff98cbb7000 	C:\WINDOWS\System32\USER32.dll
0x00007ff98a6d0000 - 0x00007ff98a6f0000 	C:\WINDOWS\System32\win32u.dll
0x00007ff98a710000 - 0x00007ff98a739000 	C:\WINDOWS\System32\GDI32.dll
0x00007ff98a1b0000 - 0x00007ff98a34a000 	C:\WINDOWS\System32\gdi32full.dll
0x00007ff98a630000 - 0x00007ff98a6d0000 	C:\WINDOWS\System32\msvcp_win.dll
0x00007ff98a530000 - 0x00007ff98a62a000 	C:\WINDOWS\System32\ucrtbase.dll
0x00007ff973400000 - 0x00007ff973679000 	C:\WINDOWS\WinSxS\amd64_microsoft.windows.common-controls_6595b64144ccf1df_6.0.17763.437_none_05b63dca071e5dd6\COMCTL32.dll
0x00007ff98ce30000 - 0x00007ff98d15c000 	C:\WINDOWS\System32\combase.dll
0x00007ff98a130000 - 0x00007ff98a1ae000 	C:\WINDOWS\System32\bcryptPrimitives.dll
0x00007ff98d460000 - 0x00007ff98d48e000 	C:\WINDOWS\System32\IMM32.DLL
0x00000000554f0000 - 0x00000000555c2000 	C:\Program Files\Java\jre1.8.0_181\bin\msvcr100.dll
0x0000000055890000 - 0x0000000056132000 	C:\Program Files\Java\jre1.8.0_181\bin\server\jvm.dll
0x00007ff98aef0000 - 0x00007ff98aef8000 	C:\WINDOWS\System32\PSAPI.DLL
0x00007ff976ee0000 - 0x00007ff976ee9000 	C:\WINDOWS\SYSTEM32\WSOCK32.dll
0x00007ff985210000 - 0x00007ff985234000 	C:\WINDOWS\SYSTEM32\WINMM.dll
0x00007ff9820d0000 - 0x00007ff9820da000 	C:\WINDOWS\SYSTEM32\VERSION.dll
0x00007ff98cc60000 - 0x00007ff98cccd000 	C:\WINDOWS\System32\WS2_32.dll
0x00007ff9851e0000 - 0x00007ff98520d000 	C:\WINDOWS\SYSTEM32\winmmbase.dll
0x00007ff989d30000 - 0x00007ff989d7a000 	C:\WINDOWS\System32\cfgmgr32.dll
0x0000000056620000 - 0x000000005662f000 	C:\Program Files\Java\jre1.8.0_181\bin\verify.dll
0x00000000565f0000 - 0x0000000056619000 	C:\Program Files\Java\jre1.8.0_181\bin\java.dll
0x00000000565d0000 - 0x00000000565e6000 	C:\Program Files\Java\jre1.8.0_181\bin\zip.dll
0x00007ff98b4b0000 - 0x00007ff98c9a0000 	C:\WINDOWS\System32\SHELL32.dll
0x00007ff98af00000 - 0x00007ff98afa8000 	C:\WINDOWS\System32\shcore.dll
0x00007ff989590000 - 0x00007ff989cda000 	C:\WINDOWS\System32\windows.storage.dll
0x00007ff9894c0000 - 0x00007ff9894e4000 	C:\WINDOWS\System32\profapi.dll
0x00007ff989530000 - 0x00007ff98958d000 	C:\WINDOWS\System32\powrprof.dll
0x00007ff98b450000 - 0x00007ff98b4a2000 	C:\WINDOWS\System32\shlwapi.dll
0x00007ff989510000 - 0x00007ff989521000 	C:\WINDOWS\System32\kernel.appcore.dll
0x00007ff989d10000 - 0x00007ff989d27000 	C:\WINDOWS\System32\cryptsp.dll
0x0000000055350000 - 0x00000000554e9000 	C:\Program Files\Java\jre1.8.0_181\bin\awt.dll
0x00007ff98b210000 - 0x00007ff98b2d4000 	C:\WINDOWS\System32\OLEAUT32.dll
0x00007ff986b10000 - 0x00007ff986b9c000 	C:\WINDOWS\SYSTEM32\apphelp.dll
0x00007ff987630000 - 0x00007ff98765e000 	C:\WINDOWS\system32\DWMAPI.DLL
0x00007ff98a350000 - 0x00007ff98a52b000 	C:\WINDOWS\System32\CRYPT32.dll
0x00007ff9894f0000 - 0x00007ff989502000 	C:\WINDOWS\System32\MSASN1.dll
0x00007ff986c30000 - 0x00007ff986ccc000 	C:\WINDOWS\system32\uxtheme.dll
0x00007ff973760000 - 0x00007ff973887000 	C:\WINDOWS\system32\opengl32.dll
0x00007ff97a810000 - 0x00007ff97a83c000 	C:\WINDOWS\SYSTEM32\GLU32.dll
0x00007ff98b2e0000 - 0x00007ff98b44a000 	C:\WINDOWS\System32\MSCTF.dll
0x00007ff98ccd0000 - 0x00007ff98ce25000 	C:\WINDOWS\System32\ole32.dll
0x00000000564f0000 - 0x0000000056537000 	C:\Program Files\Java\jre1.8.0_181\bin\fontmanager.dll
0x00007ff978540000 - 0x00007ff9785d5000 	C:\WINDOWS\System32\TextInputFramework.dll
0x00007ff9832b0000 - 0x00007ff9835d2000 	C:\WINDOWS\System32\CoreUIComponents.dll
0x00007ff986900000 - 0x00007ff9869e2000 	C:\WINDOWS\System32\CoreMessaging.dll
0x00007ff988580000 - 0x00007ff9885b1000 	C:\WINDOWS\SYSTEM32\ntmarta.dll
0x00007ff984c10000 - 0x00007ff984d63000 	C:\WINDOWS\SYSTEM32\wintypes.dll
0x00000000565b0000 - 0x00000000565ca000 	C:\Program Files\Java\jre1.8.0_181\bin\net.dll
0x00007ff988d40000 - 0x00007ff988da7000 	C:\WINDOWS\system32\mswsock.dll
0x0000000056590000 - 0x00000000565a1000 	C:\Program Files\Java\jre1.8.0_181\bin\nio.dll
0x0000000055300000 - 0x0000000055342000 	C:\Program Files\Java\jre1.8.0_181\bin\t2k.dll

VM Arguments:
jvm_args: -Dfile.encoding=Cp1252 
java_command: com.dataMiningAlgo.Main_Frame
java_class_path (initial): C:\Users\priya\OneDrive\Documents\ece656\ECE656Project\bin;C:\Users\priya\Downloads\mysql-connector.jar;C:\Users\priya\.p2\pool\plugins\org.junit.jupiter.api_5.1.0.v20180327-1502.jar;C:\Users\priya\.p2\pool\plugins\org.junit.jupiter.engine_5.1.0.v20180327-1502.jar;C:\Users\priya\.p2\pool\plugins\org.junit.jupiter.migrationsupport_5.1.0.v20180327-1502.jar;C:\Users\priya\.p2\pool\plugins\org.junit.jupiter.params_5.1.0.v20180327-1502.jar;C:\Users\priya\.p2\pool\plugins\org.junit.platform.commons_1.1.0.v20180327-1502.jar;C:\Users\priya\.p2\pool\plugins\org.junit.platform.engine_1.1.0.v20180327-1502.jar;C:\Users\priya\.p2\pool\plugins\org.junit.platform.launcher_1.1.0.v20180327-1502.jar;C:\Users\priya\.p2\pool\plugins\org.junit.platform.runner_1.1.0.v20180327-1502.jar;C:\Users\priya\.p2\pool\plugins\org.junit.platform.suite.api_1.1.0.v20180327-1502.jar;C:\Users\priya\.p2\pool\plugins\org.junit.vintage.engine_5.1.0.v20180327-1502.jar;C:\Users\priya\.p2\pool\plugins\org.opentest4j_1.0.0.v20180327-1502.jar;C:\Users\priya\.p2\pool\plugins\org.apiguardian_1.0.0.v20180327-1502.jar;C:\Users\priya\.p2\pool\plugins\org.junit_4.12.0.v201504281640\junit.jar;C:\Users\priya\.p2\pool\plugins\org.hamcrest.core_1.3.0.v20180420-1519.jar
Launcher Type: SUN_STANDARD

Environment Variables:
PATH=C:/Program Files/Java/jre1.8.0_181/bin/server;C:/Program Files/Java/jre1.8.0_181/bin;C:/Program Files/Java/jre1.8.0_181/lib/amd64;C:\MinGW\bin;C:\MinGW\libexec\gcc\x86_64-w64-mingw32\8.1.0;C:\Program Files (x86)\Common Files\Oracle\Java\javapath;C:\Program Files (x86)\Intel\iCLS Client\;C:\Program Files\Intel\iCLS Client\;C:\WINDOWS\system32;C:\WINDOWS;C:\WINDOWS\System32\Wbem;C:\WINDOWS\System32\WindowsPowerShell\v1.0\;C:\Program Files (x86)\Intel\Intel(R) Management Engine Components\DAL;C:\Program Files\Intel\Intel(R) Management Engine Components\DAL;C:\Program Files (x86)\Intel\Intel(R) Management Engine Components\IPT;C:\Program Files\Intel\Intel(R) Management Engine Components\IPT;C:\WINDOWS\System32\OpenSSH\;C:\Python27;C:\Program Files\PuTTY\;C:\Program Files\Java\jdk1.8.0_181\bin;C:\Program Files\Java\jre1.8.0_181\bin;C:\Program Files\Intel\WiFi\bin\;C:\Program Files\Common Files\Intel\WirelessCommon\;C:\Program Files\nodejs\;C:\Program Files\Git\cmd;C:\Program Files\MySQL\MySQL Server 8.0\bin;C:\Python27\Scripts;C:\Program Files\MiKTeX 2.9\miktex\bin\x64\;C:\xampp\mysql\bin;C:\Users\priya\AppData\Local\Microsoft\WindowsApps;C:\Users\priya\AppData\Roaming\npm;C:\Users\priya\AppData\Local\Microsoft\WindowsApps;C:\Users\priya\AppData\Local\Pandoc\;C:\WINDOWS\System32;
USERNAME=priya
OS=Windows_NT
PROCESSOR_IDENTIFIER=Intel64 Family 6 Model 142 Stepping 10, GenuineIntel



---------------  S Y S T E M  ---------------

OS: Windows 10.0 , 64 bit Build 17763 (10.0.17763.437)

CPU:total 8 (initial active 8) (4 cores per cpu, 2 threads per core) family 6 model 142 stepping 10, cmov, cx8, fxsr, mmx, sse, sse2, sse3, ssse3, sse4.1, sse4.2, popcnt, avx, avx2, aes, clmul, erms, 3dnowpref, lzcnt, ht, tsc, tscinvbit, bmi1, bmi2, adx

Memory: 4k page, physical 8268952k(2459472k free), swap 33434776k(0k free)

vm_info: Java HotSpot(TM) 64-Bit Server VM (25.181-b13) for windows-amd64 JRE (1.8.0_181-b13), built on Jul  7 2018 04:01:33 by "java_re" with MS VC++ 10.0 (VS2010)

time: Wed Apr 24 12:05:44 2019
elapsed time: 241126 seconds (2d 18h 58m 46s)

